# JRE version: OpenJDK Runtime Environment (12.0.1+12) (build 12.0.1+12)
# Java VM: OpenJDK 64-Bit Server VM (12.0.1+12, mixed mode, sharing, tiered, compressed oops, g1 gc, bsd-amd64)
Heap:
 garbage-first heap   total 160768K, used 104372K [0x0000000700000000, 0x0000000800000000)
  region size 1024K, 79 young (80896K), 4 survivors (4096K)
 Metaspace       used 55938K, capacity 57453K, committed 57628K, reserved 1099776K
  class space    used 7384K, capacity 8012K, committed 8044K, reserved 1048576K
GC Heap History (10 events):
Event: 2.427 GC heap after
{Heap after GC invocations=4 (full 0):
 garbage-first heap   total 58368K, used 17416K [0x0000000700000000, 0x0000000800000000)
  region size 1024K, 3 young (3072K), 3 survivors (3072K)
 Metaspace       used 27174K, capacity 27831K, committed 28208K, reserved 1073152K
  class space    used 3842K, capacity 4109K, committed 4224K, reserved 1048576K
}
Event: 2.719 GC heap before
{Heap before GC invocations=4 (full 0):
 garbage-first heap   total 58368K, used 38920K [0x0000000700000000, 0x0000000800000000)
  region size 1024K, 25 young (25600K), 3 survivors (3072K)
 Metaspace       used 31989K, capacity 32648K, committed 33200K, reserved 1077248K
  class space    used 4512K, capacity 4773K, committed 4864K, reserved 1048576K
}
Event: 2.722 GC heap after
{Heap after GC invocations=5 (full 0):
 garbage-first heap   total 58368K, used 18054K [0x0000000700000000, 0x0000000800000000)
  region size 1024K, 3 young (3072K), 3 survivors (3072K)
 Metaspace       used 31989K, capacity 32648K, committed 33200K, reserved 1077248K
  class space    used 4512K, capacity 4773K, committed 4864K, reserved 1048576K
}
Event: 3.011 GC heap before
{Heap before GC invocations=5 (full 0):
 garbage-first heap   total 58368K, used 35462K [0x0000000700000000, 0x0000000800000000)
  region size 1024K, 22 young (22528K), 3 survivors (3072K)
 Metaspace       used 34967K, capacity 35663K, committed 35888K, reserved 1079296K
  class space    used 4955K, capacity 5240K, committed 5248K, reserved 1048576K
}
Event: 3.016 GC heap after
{Heap after GC invocations=6 (full 0):
 garbage-first heap   total 58368K, used 18571K [0x0000000700000000, 0x0000000800000000)
  region size 1024K, 2 young (2048K), 2 survivors (2048K)
 Metaspace       used 34967K, capacity 35663K, committed 35888K, reserved 1079296K
  class space    used 4955K, capacity 5240K, committed 5248K, reserved 1048576K
}
Event: 3.447 GC heap before
{Heap before GC invocations=7 (full 0):
 garbage-first heap   total 58368K, used 42123K [0x0000000700000000, 0x0000000800000000)
  region size 1024K, 25 young (25600K), 2 survivors (2048K)
 Metaspace       used 40098K, capacity 41098K, committed 41372K, reserved 1085440K
  class space    used 5651K, capacity 6037K, committed 6124K, reserved 1048576K
}
Event: 3.451 GC heap after
{Heap after GC invocations=8 (full 0):
 garbage-first heap   total 160768K, used 19617K [0x0000000700000000, 0x0000000800000000)
  region size 1024K, 3 young (3072K), 3 survivors (3072K)
 Metaspace       used 40098K, capacity 41098K, committed 41372K, reserved 1085440K
  class space    used 5651K, capacity 6037K, committed 6124K, reserved 1048576K
}
Event: 10.606 GC heap before
{Heap before GC invocations=8 (full 0):
 garbage-first heap   total 160768K, used 96417K [0x0000000700000000, 0x0000000800000000)
  region size 1024K, 79 young (80896K), 3 survivors (3072K)
 Metaspace       used 54060K, capacity 55437K, committed 55836K, reserved 1097728K
  class space    used 7208K, capacity 7761K, committed 7788K, reserved 1048576K
}
Event: 10.616 GC heap after
{Heap after GC invocations=9 (full 0):
 garbage-first heap   total 160768K, used 27572K [0x0000000700000000, 0x0000000800000000)
  region size 1024K, 10 young (10240K), 10 survivors (10240K)
 Metaspace       used 54060K, capacity 55437K, committed 55836K, reserved 1097728K
  class space    used 7208K, capacity 7761K, committed 7788K, reserved 1048576K
}
Event: 39.816 GC heap before
{Heap before GC invocations=9 (full 0):
 garbage-first heap   total 160768K, used 103348K [0x0000000700000000, 0x0000000800000000)
  region size 1024K, 85 young (87040K), 10 survivors (10240K)
 Metaspace       used 55938K, capacity 57453K, committed 57628K, reserved 1099776K
  class space    used 7384K, capacity 8012K, committed 8044K, reserved 1048576K
}

